[@DB] update=UPDATE list_items SET Name='',Checked=0 WHERE id=4
[@DB] update=UPDATE list_items SET Name='',Checked=1 WHERE id=4
[@DB] update=UPDATE list_items SET Checked=0 WHERE id=4
[@DB] update=UPDATE list_items SET Checked=1 WHERE id=4
[@DB] Select=SELECT name,id,checked FROM list_items WHERE list=4
[@DB] insert=INSERT INTO list_items (Name,list) VALUES ('cont'd','4')
[@DB] Select=SELECT name,Bcolor,Tcolor,id FROM list WHERE id=4
[@DB] Select=SELECT name,id,checked FROM list_items WHERE list=4
[@DB] Select=SELECT name,Bcolor,Tcolor,id FROM list WHERE id=4
[@DB] Select=SELECT name,id,checked FROM list_items WHERE list=4
[@DB] Select=SELECT name,Bcolor,Tcolor,id FROM list WHERE id=4
[@DB] Select=SELECT name,id,checked FROM list_items WHERE list=4
[@DB] Select=SELECT name,id,checked FROM list_items WHERE list=4
[@DB] insert=INSERT INTO list_items (Name,list) VALUES ('test','4')
[@DB] Select=SELECT name,id,checked FROM list_items WHERE list=4
[@DB] insert=INSERT INTO list_items (Name,list) VALUES ('test&#39;a&#39;acon...','4')
[@DB] Select=SELECT name,Bcolor,Tcolor,id FROM list WHERE id=4
[@DB] Select=SELECT name,id,checked FROM list_items WHERE list=4
[@DB] Select=SELECT name,Bcolor,Tcolor,id FROM list WHERE id=4
[@DB] Select=SELECT name,id,checked FROM list_items WHERE list=4
[@DB] Select=SELECT name,Bcolor,Tcolor,id FROM list WHERE id=4
[@DB] Select=SELECT name,id,checked FROM list_items WHERE list=4
[@DB] Select=SELECT name,Bcolor,Tcolor,id FROM list WHERE id=4
[@DB] Select=SELECT name,id,checked FROM list_items WHERE list=4
[@DB] Select=SELECT name,Bcolor,Tcolor,id FROM list WHERE id=4
[@DB] Select=SELECT name,id,checked FROM list_items WHERE list=4
[@DB] Select=SELECT name,Bcolor,Tcolor,id FROM list WHERE id=4
[@DB] Select=SELECT name,id,checked FROM list_items WHERE list=4
[@DB] update=UPDATE list_items SET Checked=1 WHERE id=18
[@DB] Select=SELECT name,Bcolor,Tcolor,id FROM list WHERE id=4
[@DB] Select=SELECT name,id,checked FROM list_items WHERE list=4
[@DB] update=UPDATE list_items SET Checked=1 WHERE id=19
[@DB] Select=SELECT name,Bcolor,Tcolor,id FROM list WHERE id=4
[@DB] Select=SELECT name,id,checked FROM list_items WHERE list=4
[@DB] update=UPDATE list_items SET Checked=0 WHERE id=18
[@DB] update=UPDATE list_items SET Checked=0 WHERE id=19
[@DB] Select=SELECT name,Bcolor,Tcolor,id FROM list WHERE id=4
[@DB] Select=SELECT name,id,checked FROM list_items WHERE list=4
[@DB] update=UPDATE list_items SET Checked=0 WHERE id=7
[@DB] update=UPDATE list_items SET Checked=1 WHERE id=19
[@DB] update=UPDATE list_items SET Checked=1 WHERE id=18
[@DB] Select=SELECT name,Bcolor,Tcolor,id FROM list WHERE id=4
[@DB] Select=SELECT name,id,checked FROM list_items WHERE list=4
